12.11.2023, 19:02:50
connect ECONNREFUSED ::1:3306
Stack: Error: connect ECONNREFUSED ::1:3306
    at TCPConnectWrap.afterConnect [as oncomplete] (node:net:1300:16)
    --------------------
    at Protocol._enqueue (C:\Users\jbt\Desktop\4578-35\2023-11-12\Full Stack Integration\Backend\node_modules\mysql\lib\protocol\Protocol.js:144:48)
    at Protocol.handshake (C:\Users\jbt\Desktop\4578-35\2023-11-12\Full Stack Integration\Backend\node_modules\mysql\lib\protocol\Protocol.js:51:23)
    at PoolConnection.connect (C:\Users\jbt\Desktop\4578-35\2023-11-12\Full Stack Integration\Backend\node_modules\mysql\lib\Connection.js:116:18)
    at Pool.getConnection (C:\Users\jbt\Desktop\4578-35\2023-11-12\Full Stack Integration\Backend\node_modules\mysql\lib\Pool.js:48:16)
    at Pool.query (C:\Users\jbt\Desktop\4578-35\2023-11-12\Full Stack Integration\Backend\node_modules\mysql\lib\Pool.js:202:8)
    at C:\Users\jbt\Desktop\4578-35\2023-11-12\Full Stack Integration\Backend\src\4-utils\dal.ts:20:20
    at new Promise (<anonymous>)
    at Object.execute (C:\Users\jbt\Desktop\4578-35\2023-11-12\Full Stack Integration\Backend\src\4-utils\dal.ts:17:12)
    at Object.<anonymous> (C:\Users\jbt\Desktop\4578-35\2023-11-12\Full Stack Integration\Backend\src\5-services\products-serivce.ts:22:32)
    at Generator.next (<anonymous>) 
----------------------
12.11.2023, 19:06:41
connect ECONNREFUSED ::1:3306
Stack: Error: connect ECONNREFUSED ::1:3306
    at TCPConnectWrap.afterConnect [as oncomplete] (node:net:1300:16)
    --------------------
    at Protocol._enqueue (C:\Users\jbt\Desktop\4578-35\2023-11-12\Full Stack Integration\Backend\node_modules\mysql\lib\protocol\Protocol.js:144:48)
    at Protocol.handshake (C:\Users\jbt\Desktop\4578-35\2023-11-12\Full Stack Integration\Backend\node_modules\mysql\lib\protocol\Protocol.js:51:23)
    at PoolConnection.connect (C:\Users\jbt\Desktop\4578-35\2023-11-12\Full Stack Integration\Backend\node_modules\mysql\lib\Connection.js:116:18)
    at Pool.getConnection (C:\Users\jbt\Desktop\4578-35\2023-11-12\Full Stack Integration\Backend\node_modules\mysql\lib\Pool.js:48:16)
    at Pool.query (C:\Users\jbt\Desktop\4578-35\2023-11-12\Full Stack Integration\Backend\node_modules\mysql\lib\Pool.js:202:8)
    at C:\Users\jbt\Desktop\4578-35\2023-11-12\Full Stack Integration\Backend\src\4-utils\dal.ts:20:20
    at new Promise (<anonymous>)
    at Object.execute (C:\Users\jbt\Desktop\4578-35\2023-11-12\Full Stack Integration\Backend\src\4-utils\dal.ts:17:12)
    at Object.<anonymous> (C:\Users\jbt\Desktop\4578-35\2023-11-12\Full Stack Integration\Backend\src\5-services\products-serivce.ts:22:32)
    at Generator.next (<anonymous>) 
----------------------
12.11.2023, 19:12:56
connect ECONNREFUSED ::1:3306
Stack: Error: connect ECONNREFUSED ::1:3306
    at TCPConnectWrap.afterConnect [as oncomplete] (node:net:1300:16)
    --------------------
    at Protocol._enqueue (C:\Users\jbt\Desktop\4578-35\2023-11-12\Full Stack Integration\Backend\node_modules\mysql\lib\protocol\Protocol.js:144:48)
    at Protocol.handshake (C:\Users\jbt\Desktop\4578-35\2023-11-12\Full Stack Integration\Backend\node_modules\mysql\lib\protocol\Protocol.js:51:23)
    at PoolConnection.connect (C:\Users\jbt\Desktop\4578-35\2023-11-12\Full Stack Integration\Backend\node_modules\mysql\lib\Connection.js:116:18)
    at Pool.getConnection (C:\Users\jbt\Desktop\4578-35\2023-11-12\Full Stack Integration\Backend\node_modules\mysql\lib\Pool.js:48:16)
    at Pool.query (C:\Users\jbt\Desktop\4578-35\2023-11-12\Full Stack Integration\Backend\node_modules\mysql\lib\Pool.js:202:8)
    at C:\Users\jbt\Desktop\4578-35\2023-11-12\Full Stack Integration\Backend\src\4-utils\dal.ts:20:20
    at new Promise (<anonymous>)
    at Object.execute (C:\Users\jbt\Desktop\4578-35\2023-11-12\Full Stack Integration\Backend\src\4-utils\dal.ts:17:12)
    at Object.<anonymous> (C:\Users\jbt\Desktop\4578-35\2023-11-12\Full Stack Integration\Backend\src\5-services\products-serivce.ts:22:32)
    at Generator.next (<anonymous>) 
----------------------
12.11.2023, 19:24:01
connect ECONNREFUSED ::1:3306
Stack: Error: connect ECONNREFUSED ::1:3306
    at TCPConnectWrap.afterConnect [as oncomplete] (node:net:1300:16)
    --------------------
    at Protocol._enqueue (C:\Users\jbt\Desktop\4578-35\2023-11-12\Full Stack Integration\Backend\node_modules\mysql\lib\protocol\Protocol.js:144:48)
    at Protocol.handshake (C:\Users\jbt\Desktop\4578-35\2023-11-12\Full Stack Integration\Backend\node_modules\mysql\lib\protocol\Protocol.js:51:23)
    at PoolConnection.connect (C:\Users\jbt\Desktop\4578-35\2023-11-12\Full Stack Integration\Backend\node_modules\mysql\lib\Connection.js:116:18)
    at Pool.getConnection (C:\Users\jbt\Desktop\4578-35\2023-11-12\Full Stack Integration\Backend\node_modules\mysql\lib\Pool.js:48:16)
    at Pool.query (C:\Users\jbt\Desktop\4578-35\2023-11-12\Full Stack Integration\Backend\node_modules\mysql\lib\Pool.js:202:8)
    at C:\Users\jbt\Desktop\4578-35\2023-11-12\Full Stack Integration\Backend\src\4-utils\dal.ts:20:20
    at new Promise (<anonymous>)
    at Object.execute (C:\Users\jbt\Desktop\4578-35\2023-11-12\Full Stack Integration\Backend\src\4-utils\dal.ts:17:12)
    at Object.<anonymous> (C:\Users\jbt\Desktop\4578-35\2023-11-12\Full Stack Integration\Backend\src\5-services\products-serivce.ts:22:32)
    at Generator.next (<anonymous>) 
----------------------
12.11.2023, 19:25:00
connect ECONNREFUSED ::1:3306
Stack: Error: connect ECONNREFUSED ::1:3306
    at TCPConnectWrap.afterConnect [as oncomplete] (node:net:1300:16)
    --------------------
    at Protocol._enqueue (C:\Users\jbt\Desktop\4578-35\2023-11-12\Full Stack Integration\Backend\node_modules\mysql\lib\protocol\Protocol.js:144:48)
    at Protocol.handshake (C:\Users\jbt\Desktop\4578-35\2023-11-12\Full Stack Integration\Backend\node_modules\mysql\lib\protocol\Protocol.js:51:23)
    at PoolConnection.connect (C:\Users\jbt\Desktop\4578-35\2023-11-12\Full Stack Integration\Backend\node_modules\mysql\lib\Connection.js:116:18)
    at Pool.getConnection (C:\Users\jbt\Desktop\4578-35\2023-11-12\Full Stack Integration\Backend\node_modules\mysql\lib\Pool.js:48:16)
    at Pool.query (C:\Users\jbt\Desktop\4578-35\2023-11-12\Full Stack Integration\Backend\node_modules\mysql\lib\Pool.js:202:8)
    at C:\Users\jbt\Desktop\4578-35\2023-11-12\Full Stack Integration\Backend\src\4-utils\dal.ts:20:20
    at new Promise (<anonymous>)
    at Object.execute (C:\Users\jbt\Desktop\4578-35\2023-11-12\Full Stack Integration\Backend\src\4-utils\dal.ts:17:12)
    at Object.<anonymous> (C:\Users\jbt\Desktop\4578-35\2023-11-12\Full Stack Integration\Backend\src\5-services\products-serivce.ts:22:32)
    at Generator.next (<anonymous>) 
----------------------
